Change Component Designator: Old Designator=1K New Designator=1
Change Component Designator: Old Designator=BAT New Designator=BAT1
Change Component Designator: Old Designator=C0 New Designator=C11
Change Component Designator: Old Designator=C1 New Designator=C9
Change Component Designator: Old Designator=C2 New Designator=C8
Change Component Designator: Old Designator=C3 New Designator=C7
Change Component Designator: Old Designator=C4 New Designator=C12
Change Component Designator: Old Designator=C5 New Designator=C10
Change Component Designator: Old Designator=C7 New Designator=C5
Change Component Designator: Old Designator=C8 New Designator=C3
Change Component Designator: Old Designator=C9 New Designator=C2
Change Component Designator: Old Designator=C10 New Designator=C4
Change Component Designator: Old Designator=C11 New Designator=C1
Change Component Designator: Old Designator=D0 New Designator=D1
Change Component Designator: Old Designator=D1 New Designator=D2
Change Component Designator: Old Designator=D2 New Designator=D3
Change Component Designator: Old Designator=D3 New Designator=D4
Change Component Designator: Old Designator=D4 New Designator=D5
Change Component Designator: Old Designator=D5 New Designator=D6
Change Component Designator: Old Designator=D6 New Designator=D7
Change Component Designator: Old Designator=D7 New Designator=D8
Change Component Designator: Old Designator=D8 New Designator=D10
Change Component Designator: Old Designator=J0 New Designator=J2
Change Component Designator: Old Designator=J13 New Designator=J3
Change Component Designator: Old Designator=J16 New Designator=J1
Change Component Designator: Old Designator=J17 New Designator=J4
Change Component Designator: Old Designator=LED10 New Designator=LED1
Change Component Designator: Old Designator=LED11 New Designator=LED2
Change Component Designator: Old Designator=P3 New Designator=P1
Change Component Designator: Old Designator=Q1 New Designator=Q2
Change Component Designator: Old Designator=Q2 New Designator=Q1
Change Component Designator: Old Designator=R0 New Designator=R12
Change Component Designator: Old Designator=R1 New Designator=R11
Change Component Designator: Old Designator=R2 New Designator=R7
Change Component Designator: Old Designator=R3 New Designator=R10
Change Component Designator: Old Designator=R4 New Designator=R3
Change Component Designator: Old Designator=R5 New Designator=R6
Change Component Designator: Old Designator=R6 New Designator=R2
Change Component Designator: Old Designator=R7 New Designator=R5
Change Component Designator: Old Designator=R8 New Designator=R9
Change Component Designator: Old Designator=R9 New Designator=R8
Change Component Designator: Old Designator=R10 New Designator=R4
Change Component Designator: Old Designator=R11 New Designator=R1
Change Component Designator: Old Designator=RD0 New Designator=RD1
Change Component Designator: Old Designator=RP0 New Designator=RP1
Change Component Designator: Old Designator=SW0 New Designator=SW1
Change Component Designator: Old Designator=U1 New Designator=U5
Change Component Designator: Old Designator=U3 New Designator=U4
Change Component Designator: Old Designator=U4 New Designator=U3
Change Component Designator: Old Designator=U5 New Designator=U1
Change Component Designator: Old Designator=Y2 New Designator=Y1
